c:\users\ukleja\desktop\opencv\projekt_opencv\projekt_opencv\x64\release\vc141.pdb
c:\users\ukleja\desktop\opencv\projekt_opencv\projekt_opencv\x64\release\myform.obj
c:\users\ukleja\desktop\opencv\projekt_opencv\projekt_opencv\x64\release\.netframework,version=v4.6.1.assemblyattributes.obj
c:\users\ukleja\desktop\opencv\projekt_opencv\projekt_opencv\x64\release\.netframework,version=v4.6.1.assemblyattributes.asm
c:\users\ukleja\desktop\opencv\projekt_opencv\projekt_opencv\x64\release\projektopencv.myform.resources
c:\users\ukleja\desktop\opencv\projekt_opencv\projekt_opencv\x64\release\projekt_opencv.vcxproj.generateresource.cache
c:\users\ukleja\desktop\opencv\projekt_opencv\x64\release\projekt_opencv.pdb
c:\users\ukleja\desktop\opencv\projekt_opencv\projekt_opencv\x64\release\projekt_opencv.tlog\cl.command.1.tlog
c:\users\ukleja\desktop\opencv\projekt_opencv\projekt_opencv\x64\release\projekt_opencv.tlog\cl.read.1.tlog
c:\users\ukleja\desktop\opencv\projekt_opencv\projekt_opencv\x64\release\projekt_opencv.tlog\cl.write.1.tlog
c:\users\ukleja\desktop\opencv\projekt_opencv\projekt_opencv\x64\release\projekt_opencv.tlog\link-cvtres.read.1.tlog
c:\users\ukleja\desktop\opencv\projekt_opencv\projekt_opencv\x64\release\projekt_opencv.tlog\link-cvtres.write.1.tlog
c:\users\ukleja\desktop\opencv\projekt_opencv\projekt_opencv\x64\release\projekt_opencv.tlog\link-rc.read.1.tlog
c:\users\ukleja\desktop\opencv\projekt_opencv\projekt_opencv\x64\release\projekt_opencv.tlog\link-rc.write.1.tlog
c:\users\ukleja\desktop\opencv\projekt_opencv\projekt_opencv\x64\release\projekt_opencv.tlog\link.command.1.tlog
c:\users\ukleja\desktop\opencv\projekt_opencv\projekt_opencv\x64\release\projekt_opencv.tlog\link.read.1.tlog
c:\users\ukleja\desktop\opencv\projekt_opencv\projekt_opencv\x64\release\projekt_opencv.tlog\link.write.1.tlog
c:\users\ukleja\desktop\opencv\projekt_opencv\projekt_opencv\x64\release\projekt_opencv.tlog\metagen.read.1.tlog
c:\users\ukleja\desktop\opencv\projekt_opencv\projekt_opencv\x64\release\projekt_opencv.tlog\metagen.write.1.tlog
c:\users\ukleja\desktop\opencv\projekt_opencv\projekt_opencv\x64\release\projekt_opencv.tlog\projekt_opencv.write.1u.tlog
