  MyForm.cpp
c:\users\ukleja\desktop\opencv\projekt_opencv\projekt_opencv\myform.h(537): warning C4267: 'initializing': conversion from 'size_t' to 'int', possible loss of data
c:\users\ukleja\desktop\opencv\projekt_opencv\projekt_opencv\myform.h(542): warning C4244: 'initializing': conversion from 'double' to 'int', possible loss of data
c:\users\ukleja\desktop\opencv\projekt_opencv\projekt_opencv\myform.h(546): warning C4244: 'initializing': conversion from 'double' to 'int', possible loss of data
c:\users\ukleja\desktop\opencv\projekt_opencv\projekt_opencv\myform.h(634): warning C4267: 'argument': conversion from 'size_t' to 'int', possible loss of data
c:\opencv\build\include\opencv2\core\cvstd.hpp(575): warning C4793: 'cv::String::String': function compiled as native:
  	Found an intrinsic not supported in managed code
c:\opencv\build\include\opencv2\core\mat.inl.hpp(561): warning C4793: 'cv::Mat::Mat': function compiled as native:
  	Found an intrinsic not supported in managed code
c:\opencv\build\include\opencv2\core\mat.inl.hpp(885): warning C4793: 'cv::Mat::release': function compiled as native:
  	Found an intrinsic not supported in managed code
c:\opencv\build\include\opencv2\core\mat.inl.hpp(2221): warning C4793: 'cv::SparseMat::addref': function compiled as native:
  	Found an intrinsic not supported in managed code
c:\opencv\build\include\opencv2\core\mat.inl.hpp(3821): warning C4793: 'cv::UMat::addref': function compiled as native:
  	Found an intrinsic not supported in managed code
c:\opencv\build\include\opencv2\core\ptr.inl.hpp(67): warning C4793: 'cv::detail::PtrOwner::incRef': function compiled as native:
  	Found an intrinsic not supported in managed code
c:\opencv\build\include\opencv2\core\ptr.inl.hpp(72): warning C4793: 'cv::detail::PtrOwner::decRef': function compiled as native:
  	Found an intrinsic not supported in managed code
  Projekt_opencv.vcxproj -> C:\Users\Ukleja\Desktop\Opencv\Projekt_opencv\x64\Release\Projekt_opencv.exe
